<?xml version="1.0" encoding="UTF-8"?>
<!-- Generated by org.testng.reporters.JUnitXMLReporter -->
<testsuite ignored="0" hostname="LTIN509718" failures="0" tests="12" name="Test" time="111.927" errors="0" timestamp="2024-04-03T17:53:22 IST">
  <testcase classname="com.becognizant.testcases.TC003_GSDPage" name="beCognizantTextValidation" time="3.459"/>
  <testcase classname="com.becognizant.testcases.TC003_GSDPage" name="profileValidation" time="8.402"/>
  <testcase classname="com.becognizant.testcases.TC003_GSDPage" name="oneCognizantTextValidation" time="0.022"/>
  <testcase classname="com.becognizant.testcases.TC003_GSDPage" name="navigateOneCognizant" time="10.8"/>
  <testcase classname="com.becognizant.testcases.TC003_GSDPage" name="searchGsd" time="3.205"/>
  <testcase classname="com.becognizant.testcases.TC003_GSDPage" name="clickOnGSD" time="35.279"/>
  <testcase classname="com.becognizant.testcases.TC003_GSDPage" name="verifyMessage" time="0.074"/>
  <testcase classname="com.becognizant.testcases.TC003_GSDPage" name="verifyDefaultLanguage" time="0.031"/>
  <testcase classname="com.becognizant.testcases.TC003_GSDPage" name="verifyDefaultCountry" time="0.036"/>
  <testcase classname="com.becognizant.testcases.TC003_GSDPage" name="verifyAvailableLanguages" time="2.627"/>
  <testcase classname="com.becognizant.testcases.TC003_GSDPage" name="defaultCountryTickets" time="4.945"/>
  <testcase classname="com.becognizant.testcases.TC003_GSDPage" name="randomCountry" time="30.232"/>
</testsuite> <!-- Test -->
