<?xml version="1.0" encoding="UTF-8"?>
<testng-results ignored="0" total="12" passed="12" failed="0" skipped="0">
  <reporter-output>
  </reporter-output>
  <suite started-at="2024-04-03T17:51:30 IST" name="Suite" finished-at="2024-04-03T17:53:22 IST" duration-ms="111927">
    <groups>
    </groups>
    <test started-at="2024-04-03T17:51:30 IST" name="Test" finished-at="2024-04-03T17:53:22 IST" duration-ms="111927">
      <class name="com.becognizant.testcases.TC003_GSDPage">
        <test-method is-config="true" signature="setup()[pri:0, instance:com.becognizant.testcases.TC003_GSDPage@3646a422]" started-at="2024-04-03T17:51:30 IST" name="setup" finished-at="2024-04-03T17:51:42 IST" duration-ms="11198" status="PASS">
          <reporter-output>
          </reporter-output>
        </test-method> <!-- setup -->
        <test-method signature="beCognizantTextValidation()[pri:1, instance:com.becognizant.testcases.TC003_GSDPage@3646a422]" started-at="2024-04-03T17:51:42 IST" name="beCognizantTextValidation" finished-at="2024-04-03T17:51:45 IST" duration-ms="3459" status="PASS">
          <reporter-output>
          </reporter-output>
        </test-method> <!-- beCognizantTextValidation -->
        <test-method signature="profileValidation()[pri:2, instance:com.becognizant.testcases.TC003_GSDPage@3646a422]" started-at="2024-04-03T17:51:45 IST" name="profileValidation" finished-at="2024-04-03T17:51:53 IST" duration-ms="8402" status="PASS">
          <reporter-output>
          </reporter-output>
        </test-method> <!-- profileValidation -->
        <test-method signature="oneCognizantTextValidation()[pri:3, instance:com.becognizant.testcases.TC003_GSDPage@3646a422]" started-at="2024-04-03T17:51:53 IST" name="oneCognizantTextValidation" finished-at="2024-04-03T17:51:53 IST" duration-ms="22" status="PASS">
          <reporter-output>
          </reporter-output>
        </test-method> <!-- oneCognizantTextValidation -->
        <test-method signature="navigateOneCognizant()[pri:4, instance:com.becognizant.testcases.TC003_GSDPage@3646a422]" started-at="2024-04-03T17:51:53 IST" name="navigateOneCognizant" finished-at="2024-04-03T17:52:04 IST" duration-ms="10800" status="PASS">
          <reporter-output>
          </reporter-output>
        </test-method> <!-- navigateOneCognizant -->
        <test-method signature="searchGsd()[pri:5, instance:com.becognizant.testcases.TC003_GSDPage@3646a422]" started-at="2024-04-03T17:52:04 IST" name="searchGsd" finished-at="2024-04-03T17:52:07 IST" duration-ms="3205" status="PASS">
          <reporter-output>
          </reporter-output>
        </test-method> <!-- searchGsd -->
        <test-method signature="clickOnGSD()[pri:6, instance:com.becognizant.testcases.TC003_GSDPage@3646a422]" started-at="2024-04-03T17:52:07 IST" name="clickOnGSD" finished-at="2024-04-03T17:52:43 IST" duration-ms="35279" status="PASS">
          <reporter-output>
          </reporter-output>
        </test-method> <!-- clickOnGSD -->
        <test-method signature="verifyMessage()[pri:7, instance:com.becognizant.testcases.TC003_GSDPage@3646a422]" started-at="2024-04-03T17:52:43 IST" name="verifyMessage" finished-at="2024-04-03T17:52:43 IST" duration-ms="74" status="PASS">
          <reporter-output>
          </reporter-output>
        </test-method> <!-- verifyMessage -->
        <test-method signature="verifyDefaultLanguage()[pri:8, instance:com.becognizant.testcases.TC003_GSDPage@3646a422]" started-at="2024-04-03T17:52:43 IST" name="verifyDefaultLanguage" finished-at="2024-04-03T17:52:43 IST" duration-ms="31" status="PASS">
          <reporter-output>
          </reporter-output>
        </test-method> <!-- verifyDefaultLanguage -->
        <test-method signature="verifyDefaultCountry()[pri:9, instance:com.becognizant.testcases.TC003_GSDPage@3646a422]" started-at="2024-04-03T17:52:43 IST" name="verifyDefaultCountry" finished-at="2024-04-03T17:52:43 IST" duration-ms="36" status="PASS">
          <reporter-output>
          </reporter-output>
        </test-method> <!-- verifyDefaultCountry -->
        <test-method signature="verifyAvailableLanguages()[pri:10, instance:com.becognizant.testcases.TC003_GSDPage@3646a422]" started-at="2024-04-03T17:52:43 IST" name="verifyAvailableLanguages" finished-at="2024-04-03T17:52:46 IST" duration-ms="2627" status="PASS">
          <reporter-output>
          </reporter-output>
        </test-method> <!-- verifyAvailableLanguages -->
        <test-method signature="defaultCountryTickets()[pri:11, instance:com.becognizant.testcases.TC003_GSDPage@3646a422]" started-at="2024-04-03T17:52:46 IST" name="defaultCountryTickets" finished-at="2024-04-03T17:52:50 IST" duration-ms="4945" status="PASS">
          <reporter-output>
          </reporter-output>
        </test-method> <!-- defaultCountryTickets -->
        <test-method signature="randomCountry()[pri:12, instance:com.becognizant.testcases.TC003_GSDPage@3646a422]" started-at="2024-04-03T17:52:50 IST" name="randomCountry" finished-at="2024-04-03T17:53:21 IST" duration-ms="30232" status="PASS">
          <reporter-output>
          </reporter-output>
        </test-method> <!-- randomCountry -->
        <test-method is-config="true" signature="tearDown()[pri:0, instance:com.becognizant.testcases.TC003_GSDPage@3646a422]" started-at="2024-04-03T17:53:21 IST" name="tearDown" finished-at="2024-04-03T17:53:22 IST" duration-ms="1102" status="PASS">
          <reporter-output>
          </reporter-output>
        </test-method> <!-- tearDown -->
      </class> <!-- com.becognizant.testcases.TC003_GSDPage -->
    </test> <!-- Test -->
  </suite> <!-- Suite -->
</testng-results>
